\BOOKMARK [1][-]{section.1}{\376\377\0001\000\040\000\332\000v\000o\000d}{}% 1
\BOOKMARK [1][-]{section.2}{\376\377\0002\000\040\000F\000u\000n\000k\000c\000e}{}% 2
\BOOKMARK [2][-]{subsection.2.1}{\376\377\0002\000.\0001\000\040\000E\000l\000e\000m\000e\000n\000t\000\341\000r\000n\000\355\000\040\000f\000u\000n\000k\000c\000e}{section.2}% 3
\BOOKMARK [2][-]{subsection.2.2}{\376\377\0002\000.\0002\000\040\000D\000e\000f\000i\000n\000i\001\015\000n\000\355\000\040\000o\000b\000o\000r}{section.2}% 4
\BOOKMARK [2][-]{subsection.2.3}{\376\377\0002\000.\0003\000\040\000R\001\157\000s\000t\000\040\000a\000\040\000p\000o\000k\000l\000e\000s\000\040\000f\000u\000n\000k\000c\000e}{section.2}% 5
\BOOKMARK [2][-]{subsection.2.4}{\376\377\0002\000.\0004\000\040\000D\000a\000l\001\141\000\355\000\040\000c\000h\000a\000r\000a\000k\000t\000e\000r\000i\000s\000t\000i\000k\000y\000\040\000f\000u\000n\000k\000c\000e}{section.2}% 6
\BOOKMARK [2][-]{subsection.2.5}{\376\377\0002\000.\0005\000\040\000P\001\131\000\355\000k\000l\000a\000d\000y\000\040\000n\000a\000\040\000d\000e\000f\000i\000n\000i\001\015\000n\000\355\000\040\000o\000b\000o\000r}{section.2}% 7
\BOOKMARK [2][-]{subsection.2.6}{\376\377\0002\000.\0006\000\040\000C\000y\000k\000l\000o\000m\000e\000t\000r\000i\000c\000k\000\351\000\040\000f\000u\000n\000k\000c\000e}{section.2}% 8
\BOOKMARK [2][-]{subsection.2.7}{\376\377\0002\000.\0007\000\040\000N\000\341\000v\000o\000d\000\040\000p\000r\000o\000\040\000z\000o\000b\000r\000a\000z\000o\000v\000\341\000n\000\355\000\040\000g\000r\000a\000f\001\157\000\040\000f\000u\000n\000k\000c\000\355}{section.2}% 9
\BOOKMARK [1][-]{section.3}{\376\377\0003\000\040\000A\000p\000l\000i\000k\000a\000c\000e\000\040\000p\000r\000v\000n\000\355\000\040\000a\000\040\000d\000r\000u\000h\000\351\000\040\000d\000e\000r\000i\000v\000a\000c\000e}{}% 10
\BOOKMARK [2][-]{subsection.3.1}{\376\377\0003\000.\0001\000\040\000L\000i\000n\000e\000\341\000r\000n\000\355\000\040\000a\000\040\000k\000v\000a\000d\000r\000a\000t\000i\000c\000k\000\341\000\040\000a\000p\000r\000o\000x\000i\000m\000a\000c\000e}{section.3}% 11
\BOOKMARK [2][-]{subsection.3.2}{\376\377\0003\000.\0002\000\040\000R\000o\000s\000t\000o\000u\000c\000\355\000,\000\040\000n\000e\000b\000o\000\040\000k\000l\000e\000s\000a\000j\000\355\000c\000\355\000?}{section.3}% 12
\BOOKMARK [2][-]{subsection.3.3}{\376\377\0003\000.\0003\000\040\000M\000i\000n\000i\000m\000u\000m\000\040\000a\000\040\000m\000a\000x\000i\000m\000u\000m}{section.3}% 13
\BOOKMARK [2][-]{subsection.3.4}{\376\377\0003\000.\0004\000\040\000K\000o\000n\000k\000a\000v\000i\000t\000a\000,\000\040\000k\000o\000n\000v\000e\000x\000i\000t\000a\000,\000\040\000i\000n\000f\000l\000e\000x\000n\000\355\000\040\000b\000o\000d}{section.3}% 14
\BOOKMARK [2][-]{subsection.3.5}{\376\377\0003\000.\0005\000\040\000S\000e\000d\000l\000o\000v\000\375\000\040\000b\000o\000d}{section.3}% 15
\BOOKMARK [2][-]{subsection.3.6}{\376\377\0003\000.\0006\000\040\000S\000h\000r\000n\000u\000t\000\355}{section.3}% 16
\BOOKMARK [1][-]{section.4}{\376\377\0004\000\040\000P\001\131\000\355\000k\000l\000a\000d\000y}{}% 17
\BOOKMARK [1][-]{section.5}{\376\377\0005\000\040\000A\000p\000l\000i\000k\000o\000v\000a\000n\000\351\000\040\000p\001\131\000\355\000k\000l\000a\000d\000y}{}% 18
\BOOKMARK [1][-]{section.6}{\376\377\0006\000\040\000D\000i\000f\000e\000r\000e\000n\000c\000i\000\341\000l\000n\000\355\000\040\000r\000o\000v\000n\000i\000c\000e}{}% 19
\BOOKMARK [2][-]{subsection.6.1}{\376\377\0006\000.\0001\000\040\000L\000i\000n\000e\000\341\000r\000n\000\355\000\040\000d\000i\000f\000e\000r\000e\000n\000c\000i\000\341\000l\000n\000\355\000\040\000r\000o\000v\000n\000i\000c\000e}{section.6}% 20
\BOOKMARK [2][-]{subsection.6.2}{\376\377\0006\000.\0002\000\040\000H\000o\000m\000o\000g\000e\000n\000n\000\355\000\040\000\050\000z\000k\000r\000\341\000c\000e\000n\000\341\000\051\000\040\000r\000o\000v\000n\000i\000c\000e}{section.6}% 21
\BOOKMARK [2][-]{subsection.6.3}{\376\377\0006\000.\0003\000\040\000A\000p\000l\000i\000k\000o\000v\000a\000n\000\351\000\040\000p\001\131\000\355\000k\000l\000a\000d\000y}{section.6}% 22
\BOOKMARK [1][-]{section.7}{\376\377\0007\000\040\000P\000r\001\157\000b\001\033\000h\000\040\000f\000u\000n\000k\000c\000e}{}% 23
\BOOKMARK [2][-]{subsection.7.1}{\376\377\0007\000.\0001\000\040\000K\000u\000c\000h\000a\001\131\000k\000a\000\040\000p\000r\000o\000\040\000v\000y\001\141\000e\000t\001\131\000o\000v\000\341\000n\000\355\000\040\000p\000r\001\157\000b\001\033\000h\000u\000\040\000f\000u\000n\000k\000c\000e}{section.7}% 24
\BOOKMARK [2][-]{subsection.7.2}{\376\377\0007\000.\0002\000\040\000D\000e\000f\000i\000n\000i\000c\000e\000\040\000d\000e\000t\000e\000r\000m\000i\000n\000a\000n\000t\000u}{section.7}% 25
\BOOKMARK [2][-]{subsection.7.3}{\376\377\0007\000.\0003\000\040\000C\000r\000a\000m\000e\000r\000o\000v\000o\000\040\000p\000r\000a\000v\000i\000d\000l\000o}{section.7}% 26
\BOOKMARK [2][-]{subsection.7.4}{\376\377\0007\000.\0004\000\040\000V\000l\000a\000s\000t\000n\000\355\000\040\001\015\000\355\000s\000l\000a\000,\000\040\000d\000i\000a\000g\000o\000n\000a\000l\000i\000z\000a\000c\000e}{section.7}% 27
